<?xml version="1.0" encoding="UTF-8"?>
<robot generator="Robot 6.0.2 (Python 3.9.6 on win32)" generated="20230520 14:55:01.730" rpa="false" schemaversion="3">
<suite id="s1" name="Ui" source="C:\Users\ajink\automation-framework\robot-testcases\ui.robot">
<test id="s1-t1" name="TC1" line="7">
<kw name="Open Browser https://www.tutorialspoint.com/ chrome">
<msg timestamp="20230520 14:55:01.781" level="FAIL">No keyword with name 'Open Browser https://www.tutorialspoint.com/ chrome' found.</msg>
<status status="FAIL" starttime="20230520 14:55:01.781" endtime="20230520 14:55:01.781"/>
</kw>
<kw name="Maximize Browser Window">
<status status="NOT RUN" starttime="20230520 14:55:01.781" endtime="20230520 14:55:01.781"/>
</kw>
<kw name="Close Browser">
<status status="NOT RUN" starttime="20230520 14:55:01.781" endtime="20230520 14:55:01.781"/>
</kw>
<status status="FAIL" starttime="20230520 14:55:01.765" endtime="20230520 14:55:01.781">No keyword with name 'Open Browser https://www.tutorialspoint.com/ chrome' found.</status>
</test>
<status status="FAIL" starttime="20230520 14:55:01.736" endtime="20230520 14:55:01.781"/>
</suite>
<statistics>
<total>
<stat pass="0" fail="1" skip="0">All Tests</stat>
</total>
<tag>
</tag>
<suite>
<stat pass="0" fail="1" skip="0" id="s1" name="Ui">Ui</stat>
</suite>
</statistics>
<errors>
<msg timestamp="20230520 14:55:01.701" level="ERROR">Error in file 'C:\Users\ajink\automation-framework\robot-testcases\ui.robot' on line 4: Non-existing setting 'Library SeleniumLibrary'.</msg>
</errors>
</robot>
